#
# A fatal error has been detected by the Java Runtime Environment:
#
#  EXCEPTION_ACCESS_VIOLATION (0xc0000005) at pc=0x000007fedca4c160, pid=4876, tid=18332
#
# JRE version: OpenJDK Runtime Environment (16.0.1+9) (build 16.0.1+9-24)
# Java VM: OpenJDK 64-Bit Server VM (16.0.1+9-24, mixed mode, sharing, tiered, compressed oops, compressed class ptrs, g1 gc, windows-amd64)
# Problematic frame:
# V  [jvm.dll+0xc160]
#
# No core dump will be written. Minidumps are not enabled by default on client versions of Windows
#
# If you would like to submit a bug report, please visit:
#   https://bugreport.java.com/bugreport/crash.jsp
#

---------------  S U M M A R Y ------------

Command Line: -javaagent:C:\Program Files\JetBrains\IntelliJ IDEA Community Edition 2021.1\lib\idea_rt.jar=61347:C:\Program Files\JetBrains\IntelliJ IDEA Community Edition 2021.1\bin -Dfile.encoding=UTF-8 cornelio.main

Host: AMD A8-7650K Radeon R7, 10 Compute Cores 4C+6G , 4 cores, 14G,  Windows 7 , 64 bit Build 7601 (6.1.7601.24545)
Time: Wed Jul 14 16:06:00 2021 SA Pacific Standard Time elapsed time: 2.255045 seconds (0d 0h 0m 2s)

---------------  T H R E A D  ---------------

Current thread (0x00000000003188d0):  JavaThread "main" [_thread_in_vm, id=18332, stack(0x0000000002260000,0x0000000002360000)]

Stack: [0x0000000002260000,0x0000000002360000],  sp=0x000000000235ec88,  free space=1019k
Native frames: (J=compiled Java code, j=interpreted, Vv=VM code, C=native code)
V  [jvm.dll+0xc160]

Java frames: (J=compiled Java code, j=interpreted, Vv=VM code)
j  imgui.ImGui.nInputText(ZZLjava/lang/String;Ljava/lang/String;Limgui/type/ImString;[BIFFILimgui/type/ImString$InputData;Ljava/lang/String;)Z+0
j  imgui.ImGui.preInputText(ZLjava/lang/String;Ljava/lang/String;Limgui/type/ImString;FFI)Z+88
j  imgui.ImGui.inputText(Ljava/lang/String;Limgui/type/ImString;)Z+7
j  cornelio.GUI.process()V+208
j  imgui.app.Window.run()V+19
j  imgui.app.Application.launch(Limgui/app/Application;)V+9
j  cornelio.GUI.displayGUI()V+7
j  cornelio.main.main([Ljava/lang/String;)V+0
v  ~StubRoutines::call_stub

siginfo: EXCEPTION_ACCESS_VIOLATION (0xc0000005), reading address 0x0000000000000000


Register to memory mapping:

RIP=0x000007fedca4c160 jvm.dll
RAX=0x0 is NULL
RBX=0x00000000003188d0 is a thread
RCX=0x0 is NULL
RDX=0x0 is NULL
RSP=0x000000000235ec88 is pointing into the stack for thread: 0x00000000003188d0
RBP=0x000000000235eef8 is pointing into the stack for thread: 0x00000000003188d0
RSI=0x0 is NULL
RDI=0x0 is NULL
R8 =0x0 is NULL
R9 =0x0 is NULL
R10=0x0000000009f1dcf3 is at code_begin+979 in an Interpreter codelet
method entry point (kind = native)  [0x0000000009f1d920, 0x0000000009f1e300]  2528 bytes
R11=0x000000071f66dbf0 is an oop: java.lang.Class 
{0x000000071f66dbf0} - klass: 'java/lang/Class'
R12=0x0000000000318be0 points into unknown readable memory: 0x0000000028d23f80 | 80 3f d2 28 00 00 00 00
R13=0x0 is NULL
R14=0x0 is NULL
R15=0x000000000235ef48 is pointing into the stack for thread: 0x00000000003188d0


Registers:
RAX=0x0000000000000000, RBX=0x00000000003188d0, RCX=0x0000000000000000, RDX=0x0000000000000000
RSP=0x000000000235ec88, RBP=0x000000000235eef8, RSI=0x0000000000000000, RDI=0x0000000000000000
R8 =0x0000000000000000, R9 =0x0000000000000000, R10=0x0000000009f1dcf3, R11=0x000000071f66dbf0
R12=0x0000000000318be0, R13=0x0000000000000000, R14=0x0000000000000000, R15=0x000000000235ef48
RIP=0x000007fedca4c160, EFLAGS=0x0000000000010246

Top of Stack: (sp=0x000000000235ec88)
0x000000000235ec88:   000007fedce1c9d8 00000000003188d0
0x000000000235ec98:   000000000000000d 0000000028dafe30
0x000000000235eca8:   000007fedcc8156d 00000000003188d0
0x000000000235ecb8:   0000000000000000 000000071f7cedc8
0x000000000235ecc8:   00000000002a9660 00000000000000b8
0x000000000235ecd8:   0000000800c016f8 00000000258042b0
0x000000000235ece8:   0000000000000000 00000000003188d0
0x000000000235ecf8:   000007fedcc813e4 0000000025807960
0x000000000235ed08:   0000000000000158 000000002b841638
0x000000000235ed18:   0000000064a6586d 000000000235eef8
0x000000000235ed28:   000000000000045e 0000000000000000
0x000000000235ed38:   000007fedcdba1d8 000000002b840fb8
0x000000000235ed48:   0000000000000000 0000000000000004
0x000000000235ed58:   0000000000000009 00000072000000b8
0x000000000235ed68:   0000000000000000 000000002b840fb8
0x000000000235ed78:   00000000003188d0 000000002b840fb8 

Instructions: (pc=0x000007fedca4c160)
0x000007fedca4c060:   bc cf a5 00 48 83 c4 20 5b 48 ff e0 48 8d 05 ed
0x000007fedca4c070:   00 00 00 48 8b cb 48 89 05 a3 cf a5 00 48 83 c4
0x000007fedca4c080:   20 5b 48 ff e0 48 8d 05 d4 00 00 00 48 8b cb 48
0x000007fedca4c090:   89 05 8a cf a5 00 48 83 c4 20 5b 48 ff e0 48 8b
0x000007fedca4c0a0:   0d 1b b0 ab 00 8b 51 10 83 ea 01 0f 84 8b 00 00
0x000007fedca4c0b0:   00 83 ea 01 74 6d 83 ea 01 74 4f 83 fa 01 74 31
0x000007fedca4c0c0:   4c 8d 05 81 ba 81 00 ba e8 00 00 00 48 8d 0d ad
0x000007fedca4c0d0:   ba 81 00 e8 a8 6a 23 00 e8 63 c2 65 00 33 c0 48
0x000007fedca4c0e0:   8b cb 48 89 05 37 cf a5 00 48 83 c4 20 5b 48 ff
0x000007fedca4c0f0:   e0 48 8d 05 78 00 00 00 48 8b cb 48 89 05 1e cf
0x000007fedca4c100:   a5 00 48 83 c4 20 5b 48 ff e0 48 8d 05 4f 00 00
0x000007fedca4c110:   00 48 8b cb 48 89 05 05 cf a5 00 48 83 c4 20 5b
0x000007fedca4c120:   48 ff e0 48 8d 05 36 00 00 00 48 8b cb 48 89 05
0x000007fedca4c130:   ec ce a5 00 48 83 c4 20 5b 48 ff e0 48 8d 05 1d
0x000007fedca4c140:   00 00 00 48 8b cb 48 89 05 d3 ce a5 00 48 83 c4
0x000007fedca4c150:   20 5b 48 ff e0 cc cc cc cc cc cc cc cc cc cc cc
0x000007fedca4c160:   48 8b 01 c3 cc cc cc cc cc cc cc cc cc cc cc cc
0x000007fedca4c170:   48 89 5c 24 08 57 48 83 ec 20 48 8b 39 48 8b d9
0x000007fedca4c180:   48 85 3d a1 7c b0 00 75 0e 48 8b c7 48 8b 5c 24
0x000007fedca4c190:   30 48 83 c4 20 5f c3 48 8b cf e8 81 f6 7e 00 48
0x000007fedca4c1a0:   8b d0 48 85 c0 74 20 48 8b c7 f0 48 0f b1 13 74
0x000007fedca4c1b0:   16 48 85 05 70 7c b0 00 74 0d 48 8b c8 f0 48 0f
0x000007fedca4c1c0:   b1 13 48 3b c1 75 ea 48 8b 5c 24 30 48 8b c2 48
0x000007fedca4c1d0:   83 c4 20 5f c3 cc cc cc cc cc cc cc cc cc cc cc
0x000007fedca4c1e0:   8b 44 24 30 45 03 c9 44 2b 4c 24 28 83 c0 0b 44
0x000007fedca4c1f0:   03 ca 45 03 c8 41 03 c1 c3 cc cc cc cc cc cc cc
0x000007fedca4c200:   48 8b 41 08 0f b7 48 32 0f b7 40 30 83 c0 48 03
0x000007fedca4c210:   c1 c3 cc cc cc cc cc cc cc cc cc cc cc cc cc cc
0x000007fedca4c220:   48 89 5c 24 08 57 48 83 ec 20 0f b6 05 ff 83 b0
0x000007fedca4c230:   00 48 8b fa 48 8b d9 84 c0 74 4f 48 85 15 e6 7b
0x000007fedca4c240:   b0 00 74 38 48 8b ca e8 34 fc 7e 00 48 8b d0 48
0x000007fedca4c250:   85 db 74 25 48 85 c0 74 20 48 8b c7 f0 48 0f b1 


Stack slot to memory mapping:
stack at sp + 0 slots: 0x000007fedce1c9d8 jvm.dll
stack at sp + 1 slots: 0x00000000003188d0 is a thread
stack at sp + 2 slots: 0x000000000000000d is an unknown value
stack at sp + 3 slots: 0x0000000028dafe30 points into unknown readable memory: 0x002e006d00760010 | 10 00 76 00 6d 00 2e 00
stack at sp + 4 slots: 0x000007fedcc8156d jvm.dll
stack at sp + 5 slots: 0x00000000003188d0 is a thread
stack at sp + 6 slots: 0x0 is NULL
stack at sp + 7 slots: 0x000000071f7cedc8 is an oop: java.lang.String 
{0x000000071f7cedc8} - klass: 'java/lang/String'


---------------  P R O C E S S  ---------------

Threads class SMR info:
_java_thread_list=0x0000000028c371c0, length=13, elements={
0x00000000003188d0, 0x0000000024ffa0b0, 0x0000000024ffac80, 0x0000000025005f20,
0x0000000025006af0, 0x000000002500a400, 0x000000002500ad10, 0x00000000250109d0,
0x0000000025072630, 0x0000000025073390, 0x000000002510a1b0, 0x0000000026a63ab0,
0x0000000026a65fd0
}

Java Threads: ( => current thread )
=>0x00000000003188d0 JavaThread "main" [_thread_in_vm, id=18332, stack(0x0000000002260000,0x0000000002360000)]
  0x0000000024ffa0b0 JavaThread "Reference Handler" daemon [_thread_blocked, id=5344, stack(0x0000000025d40000,0x0000000025e40000)]
  0x0000000024ffac80 JavaThread "Finalizer" daemon [_thread_blocked, id=15688, stack(0x00000000252e0000,0x00000000253e0000)]
  0x0000000025005f20 JavaThread "Signal Dispatcher" daemon [_thread_blocked, id=17260, stack(0x0000000025fa0000,0x00000000260a0000)]
  0x0000000025006af0 JavaThread "Attach Listener" daemon [_thread_blocked, id=16288, stack(0x0000000025e90000,0x0000000025f90000)]
  0x000000002500a400 JavaThread "Service Thread" daemon [_thread_blocked, id=15752, stack(0x0000000025c00000,0x0000000025d00000)]
  0x000000002500ad10 JavaThread "Monitor Deflation Thread" daemon [_thread_blocked, id=5036, stack(0x00000000261f0000,0x00000000262f0000)]
  0x00000000250109d0 JavaThread "C2 CompilerThread0" daemon [_thread_blocked, id=3176, stack(0x00000000263d0000,0x00000000264d0000)]
  0x0000000025072630 JavaThread "C1 CompilerThread0" daemon [_thread_blocked, id=6356, stack(0x0000000026570000,0x0000000026670000)]
  0x0000000025073390 JavaThread "Sweeper thread" daemon [_thread_blocked, id=15436, stack(0x0000000026720000,0x0000000026820000)]
  0x000000002510a1b0 JavaThread "Common-Cleaner" daemon [_thread_blocked, id=11388, stack(0x0000000026830000,0x0000000026930000)]
  0x0000000026a63ab0 JavaThread "Monitor Ctrl-Break" daemon [_thread_in_native, id=16116, stack(0x0000000026e20000,0x0000000026f20000)]
  0x0000000026a65fd0 JavaThread "Notification Thread" daemon [_thread_blocked, id=14848, stack(0x0000000026fe0000,0x00000000270e0000)]

Other Threads:
  0x0000000024ff7d30 VMThread "VM Thread" [stack: 0x00000000251e0000,0x00000000252e0000] [id=17972] _threads_hazard_ptr=0x0000000028c371c0
  0x0000000000319580 WatcherThread [stack: 0x00000000260c0000,0x00000000261c0000] [id=12584]
  0x000000000036e010 GCTaskThread "GC Thread#0" [stack: 0x00000000222c0000,0x00000000223c0000] [id=17848]
  0x00000000288e1c60 GCTaskThread "GC Thread#1" [stack: 0x000000002b070000,0x000000002b170000] [id=15588]
  0x00000000288e1f70 GCTaskThread "GC Thread#2" [stack: 0x000000002b290000,0x000000002b390000] [id=19220]
  0x00000000288e2280 GCTaskThread "GC Thread#3" [stack: 0x000000002b410000,0x000000002b510000] [id=5116]
  0x000000000037f5b0 ConcurrentGCThread "G1 Main Marker" [stack: 0x00000000224e0000,0x00000000225e0000] [id=17012]
  0x000000000037fe30 ConcurrentGCThread "G1 Conc#0" [stack: 0x0000000022730000,0x0000000022830000] [id=15180]
  0x0000000024ae8980 ConcurrentGCThread "G1 Refine#0" [stack: 0x0000000024bf0000,0x0000000024cf0000] [id=19412]
  0x0000000024aeb190 ConcurrentGCThread "G1 Service" [stack: 0x0000000024e10000,0x0000000024f10000] [id=16472]

Threads with active compile tasks:

VM state: synchronizing (normal execution)

VM Mutex/Monitor currently owned by a thread:  ([mutex/lock_event])
[0x00000000002f5400] Threads_lock - owner thread: 0x0000000024ff7d30

Heap address: 0x0000000710a00000, size: 3830 MB, Compressed Oops mode: Zero based, Oop shift amount: 3

CDS archive(s) mapped at: [0x0000000800000000-0x0000000800bb0000-0x0000000800bb0000), size 12255232, SharedBaseAddress: 0x0000000800000000, ArchiveRelocationMode: 0.
Compressed class space mapped at: 0x0000000800c00000-0x0000000840c00000, reserved size: 1073741824
Narrow klass base: 0x0000000800000000, Narrow klass shift: 3, Narrow klass range: 0x100000000

GC Precious Log:
 CPUs: 4 total, 4 available
 Memory: 15319M
 Large Page Support: Disabled
 NUMA Support: Disabled
 Compressed Oops: Enabled (Zero based)
 Heap Region Size: 2M
 Heap Min Capacity: 8M
 Heap Initial Capacity: 240M
 Heap Max Capacity: 3830M
 Pre-touch: Disabled
 Parallel Workers: 4
 Concurrent Workers: 1
 Concurrent Refinement Workers: 4
 Periodic GC: Disabled

Heap:
 garbage-first heap   total 245760K, used 4358K [0x0000000710a00000, 0x0000000800000000)
  region size 2048K, 3 young (6144K), 1 survivors (2048K)
 Metaspace       used 7496K, committed 7616K, reserved 1064960K
  class space    used 457K, committed 512K, reserved 1048576K

Heap Regions: E=young(eden), S=young(survivor), O=old, HS=humongous(starts), HC=humongous(continues), CS=collection set, F=free, OA=open archive, CA=closed archive, TAMS=top-at-mark-start (previous, next)
|   0|0x0000000710a00000, 0x0000000710a41a00, 0x0000000710c00000| 12%| O|  |TAMS 0x0000000710a00000, 0x0000000710a00000| Untracked 
|   1|0x0000000710c00000, 0x0000000710c00000, 0x0000000710e00000|  0%| F|  |TAMS 0x0000000710c00000, 0x0000000710c00000| Untracked 
|   2|0x0000000710e00000, 0x0000000710e00000, 0x0000000711000000|  0%| F|  |TAMS 0x0000000710e00000, 0x0000000710e00000| Untracked 
|   3|0x0000000711000000, 0x0000000711000000, 0x0000000711200000|  0%| F|  |TAMS 0x0000000711000000, 0x0000000711000000| Untracked 
|   4|0x0000000711200000, 0x0000000711200000, 0x0000000711400000|  0%| F|  |TAMS 0x0000000711200000, 0x0000000711200000| Untracked 
|   5|0x0000000711400000, 0x0000000711400000, 0x0000000711600000|  0%| F|  |TAMS 0x0000000711400000, 0x0000000711400000| Untracked 
|   6|0x0000000711600000, 0x0000000711600000, 0x0000000711800000|  0%| F|  |TAMS 0x0000000711600000, 0x0000000711600000| Untracked 
|   7|0x0000000711800000, 0x0000000711800000, 0x0000000711a00000|  0%| F|  |TAMS 0x0000000711800000, 0x0000000711800000| Untracked 
|   8|0x0000000711a00000, 0x0000000711a00000, 0x0000000711c00000|  0%| F|  |TAMS 0x0000000711a00000, 0x0000000711a00000| Untracked 
|   9|0x0000000711c00000, 0x0000000711c00000, 0x0000000711e00000|  0%| F|  |TAMS 0x0000000711c00000, 0x0000000711c00000| Untracked 
|  10|0x0000000711e00000, 0x0000000711e00000, 0x0000000712000000|  0%| F|  |TAMS 0x0000000711e00000, 0x0000000711e00000| Untracked 
|  11|0x0000000712000000, 0x0000000712000000, 0x0000000712200000|  0%| F|  |TAMS 0x0000000712000000, 0x0000000712000000| Untracked 
|  12|0x0000000712200000, 0x0000000712200000, 0x0000000712400000|  0%| F|  |TAMS 0x0000000712200000, 0x0000000712200000| Untracked 
|  13|0x0000000712400000, 0x0000000712400000, 0x0000000712600000|  0%| F|  |TAMS 0x0000000712400000, 0x0000000712400000| Untracked 
|  14|0x0000000712600000, 0x0000000712600000, 0x0000000712800000|  0%| F|  |TAMS 0x0000000712600000, 0x0000000712600000| Untracked 
|  15|0x0000000712800000, 0x0000000712800000, 0x0000000712a00000|  0%| F|  |TAMS 0x0000000712800000, 0x0000000712800000| Untracked 
|  16|0x0000000712a00000, 0x0000000712a00000, 0x0000000712c00000|  0%| F|  |TAMS 0x0000000712a00000, 0x0000000712a00000| Untracked 
|  17|0x0000000712c00000, 0x0000000712c00000, 0x0000000712e00000|  0%| F|  |TAMS 0x0000000712c00000, 0x0000000712c00000| Untracked 
|  18|0x0000000712e00000, 0x0000000712e00000, 0x0000000713000000|  0%| F|  |TAMS 0x0000000712e00000, 0x0000000712e00000| Untracked 
|  19|0x0000000713000000, 0x0000000713000000, 0x0000000713200000|  0%| F|  |TAMS 0x0000000713000000, 0x0000000713000000| Untracked 
|  20|0x0000000713200000, 0x0000000713200000, 0x0000000713400000|  0%| F|  |TAMS 0x0000000713200000, 0x0000000713200000| Untracked 
|  21|0x0000000713400000, 0x0000000713400000, 0x0000000713600000|  0%| F|  |TAMS 0x0000000713400000, 0x0000000713400000| Untracked 
|  22|0x0000000713600000, 0x0000000713600000, 0x0000000713800000|  0%| F|  |TAMS 0x0000000713600000, 0x0000000713600000| Untracked 
|  23|0x0000000713800000, 0x0000000713800000, 0x0000000713a00000|  0%| F|  |TAMS 0x0000000713800000, 0x0000000713800000| Untracked 
|  24|0x0000000713a00000, 0x0000000713a00000, 0x0000000713c00000|  0%| F|  |TAMS 0x0000000713a00000, 0x0000000713a00000| Untracked 
|  25|0x0000000713c00000, 0x0000000713c00000, 0x0000000713e00000|  0%| F|  |TAMS 0x0000000713c00000, 0x0000000713c00000| Untracked 
|  26|0x0000000713e00000, 0x0000000713e00000, 0x0000000714000000|  0%| F|  |TAMS 0x0000000713e00000, 0x0000000713e00000| Untracked 
|  27|0x0000000714000000, 0x0000000714000000, 0x0000000714200000|  0%| F|  |TAMS 0x0000000714000000, 0x0000000714000000| Untracked 
|  28|0x0000000714200000, 0x0000000714200000, 0x0000000714400000|  0%| F|  |TAMS 0x0000000714200000, 0x0000000714200000| Untracked 
|  29|0x0000000714400000, 0x0000000714400000, 0x0000000714600000|  0%| F|  |TAMS 0x0000000714400000, 0x0000000714400000| Untracked 
|  30|0x0000000714600000, 0x0000000714600000, 0x0000000714800000|  0%| F|  |TAMS 0x0000000714600000, 0x0000000714600000| Untracked 
|  31|0x0000000714800000, 0x0000000714800000, 0x0000000714a00000|  0%| F|  |TAMS 0x0000000714800000, 0x0000000714800000| Untracked 
|  32|0x0000000714a00000, 0x0000000714a00000, 0x0000000714c00000|  0%| F|  |TAMS 0x0000000714a00000, 0x0000000714a00000| Untracked 
|  33|0x0000000714c00000, 0x0000000714c00000, 0x0000000714e00000|  0%| F|  |TAMS 0x0000000714c00000, 0x0000000714c00000| Untracked 
|  34|0x0000000714e00000, 0x0000000714e00000, 0x0000000715000000|  0%| F|  |TAMS 0x0000000714e00000, 0x0000000714e00000| Untracked 
|  35|0x0000000715000000, 0x0000000715000000, 0x0000000715200000|  0%| F|  |TAMS 0x0000000715000000, 0x0000000715000000| Untracked 
|  36|0x0000000715200000, 0x0000000715200000, 0x0000000715400000|  0%| F|  |TAMS 0x0000000715200000, 0x0000000715200000| Untracked 
|  37|0x0000000715400000, 0x0000000715400000, 0x0000000715600000|  0%| F|  |TAMS 0x0000000715400000, 0x0000000715400000| Untracked 
|  38|0x0000000715600000, 0x0000000715600000, 0x0000000715800000|  0%| F|  |TAMS 0x0000000715600000, 0x0000000715600000| Untracked 
|  39|0x0000000715800000, 0x0000000715800000, 0x0000000715a00000|  0%| F|  |TAMS 0x0000000715800000, 0x0000000715800000| Untracked 
|  40|0x0000000715a00000, 0x0000000715a00000, 0x0000000715c00000|  0%| F|  |TAMS 0x0000000715a00000, 0x0000000715a00000| Untracked 
|  41|0x0000000715c00000, 0x0000000715c00000, 0x0000000715e00000|  0%| F|  |TAMS 0x0000000715c00000, 0x0000000715c00000| Untracked 
|  42|0x0000000715e00000, 0x0000000715e00000, 0x0000000716000000|  0%| F|  |TAMS 0x0000000715e00000, 0x0000000715e00000| Untracked 
|  43|0x0000000716000000, 0x0000000716000000, 0x0000000716200000|  0%| F|  |TAMS 0x0000000716000000, 0x0000000716000000| Untracked 
|  44|0x0000000716200000, 0x0000000716200000, 0x0000000716400000|  0%| F|  |TAMS 0x0000000716200000, 0x0000000716200000| Untracked 
|  45|0x0000000716400000, 0x0000000716400000, 0x0000000716600000|  0%| F|  |TAMS 0x0000000716400000, 0x0000000716400000| Untracked 
|  46|0x0000000716600000, 0x0000000716600000, 0x0000000716800000|  0%| F|  |TAMS 0x0000000716600000, 0x0000000716600000| Untracked 
|  47|0x0000000716800000, 0x0000000716800000, 0x0000000716a00000|  0%| F|  |TAMS 0x0000000716800000, 0x0000000716800000| Untracked 
|  48|0x0000000716a00000, 0x0000000716a00000, 0x0000000716c00000|  0%| F|  |TAMS 0x0000000716a00000, 0x0000000716a00000| Untracked 
|  49|0x0000000716c00000, 0x0000000716c00000, 0x0000000716e00000|  0%| F|  |TAMS 0x0000000716c00000, 0x0000000716c00000| Untracked 
|  50|0x0000000716e00000, 0x0000000716e00000, 0x0000000717000000|  0%| F|  |TAMS 0x0000000716e00000, 0x0000000716e00000| Untracked 
|  51|0x0000000717000000, 0x0000000717000000, 0x0000000717200000|  0%| F|  |TAMS 0x0000000717000000, 0x0000000717000000| Untracked 
|  52|0x0000000717200000, 0x0000000717200000, 0x0000000717400000|  0%| F|  |TAMS 0x0000000717200000, 0x0000000717200000| Untracked 
|  53|0x0000000717400000, 0x0000000717400000, 0x0000000717600000|  0%| F|  |TAMS 0x0000000717400000, 0x0000000717400000| Untracked 
|  54|0x0000000717600000, 0x0000000717600000, 0x0000000717800000|  0%| F|  |TAMS 0x0000000717600000, 0x0000000717600000| Untracked 
|  55|0x0000000717800000, 0x0000000717800000, 0x0000000717a00000|  0%| F|  |TAMS 0x0000000717800000, 0x0000000717800000| Untracked 
|  56|0x0000000717a00000, 0x0000000717a00000, 0x0000000717c00000|  0%| F|  |TAMS 0x0000000717a00000, 0x0000000717a00000| Untracked 
|  57|0x0000000717c00000, 0x0000000717c00000, 0x0000000717e00000|  0%| F|  |TAMS 0x0000000717c00000, 0x0000000717c00000| Untracked 
|  58|0x0000000717e00000, 0x0000000717e00000, 0x0000000718000000|  0%| F|  |TAMS 0x0000000717e00000, 0x0000000717e00000| Untracked 
|  59|0x0000000718000000, 0x0000000718000000, 0x0000000718200000|  0%| F|  |TAMS 0x0000000718000000, 0x0000000718000000| Untracked 
|  60|0x0000000718200000, 0x0000000718200000, 0x0000000718400000|  0%| F|  |TAMS 0x0000000718200000, 0x0000000718200000| Untracked 
|  61|0x0000000718400000, 0x0000000718400000, 0x0000000718600000|  0%| F|  |TAMS 0x0000000718400000, 0x0000000718400000| Untracked 
|  62|0x0000000718600000, 0x0000000718600000, 0x0000000718800000|  0%| F|  |TAMS 0x0000000718600000, 0x0000000718600000| Untracked 
|  63|0x0000000718800000, 0x0000000718800000, 0x0000000718a00000|  0%| F|  |TAMS 0x0000000718800000, 0x0000000718800000| Untracked 
|  64|0x0000000718a00000, 0x0000000718a00000, 0x0000000718c00000|  0%| F|  |TAMS 0x0000000718a00000, 0x0000000718a00000| Untracked 
|  65|0x0000000718c00000, 0x0000000718c00000, 0x0000000718e00000|  0%| F|  |TAMS 0x0000000718c00000, 0x0000000718c00000| Untracked 
|  66|0x0000000718e00000, 0x0000000718e00000, 0x0000000719000000|  0%| F|  |TAMS 0x0000000718e00000, 0x0000000718e00000| Untracked 
|  67|0x0000000719000000, 0x0000000719000000, 0x0000000719200000|  0%| F|  |TAMS 0x0000000719000000, 0x0000000719000000| Untracked 
|  68|0x0000000719200000, 0x0000000719200000, 0x0000000719400000|  0%| F|  |TAMS 0x0000000719200000, 0x0000000719200000| Untracked 
|  69|0x0000000719400000, 0x0000000719400000, 0x0000000719600000|  0%| F|  |TAMS 0x0000000719400000, 0x0000000719400000| Untracked 
|  70|0x0000000719600000, 0x0000000719600000, 0x0000000719800000|  0%| F|  |TAMS 0x0000000719600000, 0x0000000719600000| Untracked 
|  71|0x0000000719800000, 0x0000000719800000, 0x0000000719a00000|  0%| F|  |TAMS 0x0000000719800000, 0x0000000719800000| Untracked 
|  72|0x0000000719a00000, 0x0000000719a00000, 0x0000000719c00000|  0%| F|  |TAMS 0x0000000719a00000, 0x0000000719a00000| Untracked 
|  73|0x0000000719c00000, 0x0000000719c00000, 0x0000000719e00000|  0%| F|  |TAMS 0x0000000719c00000, 0x0000000719c00000| Untracked 
|  74|0x0000000719e00000, 0x0000000719e00000, 0x000000071a000000|  0%| F|  |TAMS 0x0000000719e00000, 0x0000000719e00000| Untracked 
|  75|0x000000071a000000, 0x000000071a000000, 0x000000071a200000|  0%| F|  |TAMS 0x000000071a000000, 0x000000071a000000| Untracked 
|  76|0x000000071a200000, 0x000000071a200000, 0x000000071a400000|  0%| F|  |TAMS 0x000000071a200000, 0x000000071a200000| Untracked 
|  77|0x000000071a400000, 0x000000071a400000, 0x000000071a600000|  0%| F|  |TAMS 0x000000071a400000, 0x000000071a400000| Untracked 
|  78|0x000000071a600000, 0x000000071a600000, 0x000000071a800000|  0%| F|  |TAMS 0x000000071a600000, 0x000000071a600000| Untracked 
|  79|0x000000071a800000, 0x000000071a800000, 0x000000071aa00000|  0%| F|  |TAMS 0x000000071a800000, 0x000000071a800000| Untracked 
|  80|0x000000071aa00000, 0x000000071aa00000, 0x000000071ac00000|  0%| F|  |TAMS 0x000000071aa00000, 0x000000071aa00000| Untracked 
|  81|0x000000071ac00000, 0x000000071ac00000, 0x000000071ae00000|  0%| F|  |TAMS 0x000000071ac00000, 0x000000071ac00000| Untracked 
|  82|0x000000071ae00000, 0x000000071ae00000, 0x000000071b000000|  0%| F|  |TAMS 0x000000071ae00000, 0x000000071ae00000| Untracked 
|  83|0x000000071b000000, 0x000000071b000000, 0x000000071b200000|  0%| F|  |TAMS 0x000000071b000000, 0x000000071b000000| Untracked 
|  84|0x000000071b200000, 0x000000071b200000, 0x000000071b400000|  0%| F|  |TAMS 0x000000071b200000, 0x000000071b200000| Untracked 
|  85|0x000000071b400000, 0x000000071b400000, 0x000000071b600000|  0%| F|  |TAMS 0x000000071b400000, 0x000000071b400000| Untracked 
|  86|0x000000071b600000, 0x000000071b600000, 0x000000071b800000|  0%| F|  |TAMS 0x000000071b600000, 0x000000071b600000| Untracked 
|  87|0x000000071b800000, 0x000000071b800000, 0x000000071ba00000|  0%| F|  |TAMS 0x000000071b800000, 0x000000071b800000| Untracked 
|  88|0x000000071ba00000, 0x000000071ba00000, 0x000000071bc00000|  0%| F|  |TAMS 0x000000071ba00000, 0x000000071ba00000| Untracked 
|  89|0x000000071bc00000, 0x000000071bc00000, 0x000000071be00000|  0%| F|  |TAMS 0x000000071bc00000, 0x000000071bc00000| Untracked 
|  90|0x000000071be00000, 0x000000071be00000, 0x000000071c000000|  0%| F|  |TAMS 0x000000071be00000, 0x000000071be00000| Untracked 
|  91|0x000000071c000000, 0x000000071c000000, 0x000000071c200000|  0%| F|  |TAMS 0x000000071c000000, 0x000000071c000000| Untracked 
|  92|0x000000071c200000, 0x000000071c200000, 0x000000071c400000|  0%| F|  |TAMS 0x000000071c200000, 0x000000071c200000| Untracked 
|  93|0x000000071c400000, 0x000000071c400000, 0x000000071c600000|  0%| F|  |TAMS 0x000000071c400000, 0x000000071c400000| Untracked 
|  94|0x000000071c600000, 0x000000071c600000, 0x000000071c800000|  0%| F|  |TAMS 0x000000071c600000, 0x000000071c600000| Untracked 
|  95|0x000000071c800000, 0x000000071c800000, 0x000000071ca00000|  0%| F|  |TAMS 0x000000071c800000, 0x000000071c800000| Untracked 
|  96|0x000000071ca00000, 0x000000071ca00000, 0x000000071cc00000|  0%| F|  |TAMS 0x000000071ca00000, 0x000000071ca00000| Untracked 
|  97|0x000000071cc00000, 0x000000071cc00000, 0x000000071ce00000|  0%| F|  |TAMS 0x000000071cc00000, 0x000000071cc00000| Untracked 
|  98|0x000000071ce00000, 0x000000071ce00000, 0x000000071d000000|  0%| F|  |TAMS 0x000000071ce00000, 0x000000071ce00000| Untracked 
|  99|0x000000071d000000, 0x000000071d000000, 0x000000071d200000|  0%| F|  |TAMS 0x000000071d000000, 0x000000071d000000| Untracked 
| 100|0x000000071d200000, 0x000000071d200000, 0x000000071d400000|  0%| F|  |TAMS 0x000000071d200000, 0x000000071d200000| Untracked 
| 101|0x000000071d400000, 0x000000071d400000, 0x000000071d600000|  0%| F|  |TAMS 0x000000071d400000, 0x000000071d400000| Untracked 
| 102|0x000000071d600000, 0x000000071d600000, 0x000000071d800000|  0%| F|  |TAMS 0x000000071d600000, 0x000000071d600000| Untracked 
| 103|0x000000071d800000, 0x000000071d800000, 0x000000071da00000|  0%| F|  |TAMS 0x000000071d800000, 0x000000071d800000| Untracked 
| 104|0x000000071da00000, 0x000000071da00000, 0x000000071dc00000|  0%| F|  |TAMS 0x000000071da00000, 0x000000071da00000| Untracked 
| 105|0x000000071dc00000, 0x000000071dc00000, 0x000000071de00000|  0%| F|  |TAMS 0x000000071dc00000, 0x000000071dc00000| Untracked 
| 106|0x000000071de00000, 0x000000071de00000, 0x000000071e000000|  0%| F|  |TAMS 0x000000071de00000, 0x000000071de00000| Untracked 
| 107|0x000000071e000000, 0x000000071e000000, 0x000000071e200000|  0%| F|  |TAMS 0x000000071e000000, 0x000000071e000000| Untracked 
| 108|0x000000071e200000, 0x000000071e200000, 0x000000071e400000|  0%| F|  |TAMS 0x000000071e200000, 0x000000071e200000| Untracked 
| 109|0x000000071e400000, 0x000000071e400000, 0x000000071e600000|  0%| F|  |TAMS 0x000000071e400000, 0x000000071e400000| Untracked 
| 110|0x000000071e600000, 0x000000071e600000, 0x000000071e800000|  0%| F|  |TAMS 0x000000071e600000, 0x000000071e600000| Untracked 
| 111|0x000000071e800000, 0x000000071e800000, 0x000000071ea00000|  0%| F|  |TAMS 0x000000071e800000, 0x000000071e800000| Untracked 
| 112|0x000000071ea00000, 0x000000071ea00000, 0x000000071ec00000|  0%| F|  |TAMS 0x000000071ea00000, 0x000000071ea00000| Untracked 
| 113|0x000000071ec00000, 0x000000071ee00000, 0x000000071ee00000|100%| S|CS|TAMS 0x000000071ec00000, 0x000000071ec00000| Complete 
| 114|0x000000071ee00000, 0x000000071ee00000, 0x000000071f000000|  0%| F|  |TAMS 0x000000071ee00000, 0x000000071ee00000| Untracked 
| 115|0x000000071f000000, 0x000000071f000000, 0x000000071f200000|  0%| F|  |TAMS 0x000000071f000000, 0x000000071f000000| Untracked 
| 116|0x000000071f200000, 0x000000071f200000, 0x000000071f400000|  0%| F|  |TAMS 0x000000071f200000, 0x000000071f200000| Untracked 
| 117|0x000000071f400000, 0x000000071f400000, 0x000000071f600000|  0%| F|  |TAMS 0x000000071f400000, 0x000000071f400000| Untracked 
| 118|0x000000071f600000, 0x000000071f800000, 0x000000071f800000|100%| E|  |TAMS 0x000000071f600000, 0x000000071f600000| Complete 
| 119|0x000000071f800000, 0x000000071fa00000, 0x000000071fa00000|100%| E|CS|TAMS 0x000000071f800000, 0x000000071f800000| Complete 

Card table byte_map: [0x0000000019bc0000,0x000000001a340000] _byte_map_base: 0x000000001633b000

Marking Bits (Prev, Next): (CMBitMap*) 0x000000000036e490, (CMBitMap*) 0x000000000036e4d0
 Prev Bits: [0x000000001aac0000, 0x000000001e698000)
 Next Bits: [0x000000001e6a0000, 0x0000000022278000)

Polling page: 0x0000000000130000

Metaspace:

Usage:
  Non-class:      6.87 MB used.
      Class:    457.13 KB used.
       Both:      7.32 MB used.

Virtual space:
  Non-class space:       16.00 MB reserved,       6.94 MB ( 43%) committed,  2 nodes.
      Class space:        1.00 GB reserved,     512.00 KB ( <1%) committed,  1 nodes.
              Both:        1.02 GB reserved,       7.44 MB ( <1%) committed. 

Chunk freelists:
   Non-Class:  3.14 MB
       Class:  3.45 MB
        Both:  6.59 MB

MaxMetaspaceSize: 17179869184.00 GB
CompressedClassSpaceSize: 1.00 GB
 - commit_granule_bytes: 65536.
 - commit_granule_words: 8192.
 - virtual_space_node_default_size: 1048576.
 - enlarge_chunks_in_place: 1.
 - new_chunks_are_fully_committed: 0.
 - uncommit_free_chunks: 1.
 - use_allocation_guard: 0.
 - handle_deallocations: 1.


Internal statistics:

num_allocs_failed_limit: 0.
num_arena_births: 62.
num_arena_deaths: 0.
num_vsnodes_births: 3.
num_vsnodes_deaths: 0.
num_space_committed: 117.
num_space_uncommitted: 0.
num_chunks_returned_to_freelist: 0.
num_chunks_taken_from_freelist: 266.
num_chunk_merges: 0.
num_chunk_splits: 198.
num_chunks_enlarged: 164.
num_purges: 0.

CodeHeap 'non-profiled nmethods': size=120000Kb used=247Kb max_used=247Kb free=119752Kb
 bounds [0x00000000119e0000, 0x0000000011c50000, 0x0000000018f10000]
CodeHeap 'profiled nmethods': size=120000Kb used=1529Kb max_used=1529Kb free=118470Kb
 bounds [0x000000000a4b0000, 0x000000000a720000, 0x00000000119e0000]
CodeHeap 'non-nmethods': size=5760Kb used=1749Kb max_used=1762Kb free=4010Kb
 bounds [0x0000000009f10000, 0x000000000a180000, 0x000000000a4b0000]
 total_blobs=2134 nmethods=918 adapters=1130
 compilation: enabled
              stopped_count=0, restarted_count=0
 full_count=0

Compilation events (20 events):
Event: 2.227 Thread 0x0000000025072630  905       3       java.lang.Long::<init> (10 bytes)
Event: 2.227 Thread 0x0000000025072630 nmethod 905 0x000000000a62a810 code [0x000000000a62a9c0, 0x000000000a62ab98]
Event: 2.228 Thread 0x0000000025072630  907       3       java.lang.invoke.LambdaForm$Name::<init> (54 bytes)
Event: 2.228 Thread 0x0000000025072630 nmethod 907 0x000000000a62ac90 code [0x000000000a62ae40, 0x000000000a62b118]
Event: 2.228 Thread 0x0000000025072630  909       3       java.lang.invoke.MethodTypeForm::canonicalizeAll (63 bytes)
Event: 2.228 Thread 0x0000000025072630 nmethod 909 0x000000000a62b210 code [0x000000000a62b400, 0x000000000a62ba98]
Event: 2.228 Thread 0x0000000025072630  910       3       jdk.internal.org.objectweb.asm.SymbolTable::addType (81 bytes)
Event: 2.228 Thread 0x0000000025072630 nmethod 910 0x000000000a62bc90 code [0x000000000a62bea0, 0x000000000a62c3f8]
Event: 2.229 Thread 0x0000000025072630  913       3       jdk.internal.org.objectweb.asm.Frame::pop (42 bytes)
Event: 2.229 Thread 0x0000000025072630 nmethod 913 0x000000000a62c690 code [0x000000000a62c840, 0x000000000a62c9f8]
Event: 2.229 Thread 0x0000000025072630  914       3       jdk.internal.org.objectweb.asm.ByteVector::putInt (74 bytes)
Event: 2.229 Thread 0x0000000025072630 nmethod 914 0x000000000a62cb10 code [0x000000000a62ccc0, 0x000000000a62cf28]
Event: 2.229 Thread 0x0000000025072630  915       3       java.lang.invoke.DirectMethodHandle::internalMemberName (8 bytes)
Event: 2.229 Thread 0x0000000025072630 nmethod 915 0x000000000a62d090 code [0x000000000a62d240, 0x000000000a62d438]
Event: 2.229 Thread 0x0000000025072630  916       3       java.lang.Integer::stringSize (47 bytes)
Event: 2.230 Thread 0x0000000025072630 nmethod 916 0x000000000a62d510 code [0x000000000a62d6c0, 0x000000000a62d918]
Event: 2.230 Thread 0x0000000025072630  917       3       java.lang.Integer::getChars (131 bytes)
Event: 2.230 Thread 0x0000000025072630 nmethod 917 0x000000000a62da10 code [0x000000000a62dbe0, 0x000000000a62e018]
Event: 2.230 Thread 0x0000000025072630  918       3       java.lang.StringConcatHelper::checkOverflow (17 bytes)
Event: 2.230 Thread 0x0000000025072630 nmethod 918 0x000000000a62e290 code [0x000000000a62e440, 0x000000000a62e648]

GC Heap History (2 events):
Event: 1.249 GC heap before
{Heap before GC invocations=0 (full 0):
 garbage-first heap   total 245760K, used 12288K [0x0000000710a00000, 0x0000000800000000)
  region size 2048K, 6 young (12288K), 0 survivors (0K)
 Metaspace       used 5729K, committed 5888K, reserved 1056768K
  class space    used 375K, committed 448K, reserved 1048576K
}
Event: 1.255 GC heap after
{Heap after GC invocations=1 (full 0):
 garbage-first heap   total 245760K, used 2310K [0x0000000710a00000, 0x0000000800000000)
  region size 2048K, 1 young (2048K), 1 survivors (2048K)
 Metaspace       used 5729K, committed 5888K, reserved 1056768K
  class space    used 375K, committed 448K, reserved 1048576K
}

Deoptimization events (14 events):
Event: 0.269 Thread 0x00000000003188d0 DEOPT PACKING pc=0x000000000a4e4167 sp=0x0000000002358e30
Event: 0.269 Thread 0x00000000003188d0 DEOPT UNPACKING pc=0x0000000009f5dece sp=0x0000000002358250 mode 0
Event: 1.262 Thread 0x0000000025006af0 Uncommon trap: trap_request=0xffffff45 fr.pc=0x0000000011a0df00 relative=0x0000000000000fe0
Event: 1.262 Thread 0x0000000025006af0 Uncommon trap: reason=unstable_if action=reinterpret pc=0x0000000011a0df00 method=java.util.LinkedHashMap.linkNodeLast(Ljava/util/LinkedHashMap$Entry;)V @ 11 c2
Event: 1.262 Thread 0x0000000025006af0 DEOPT PACKING pc=0x0000000011a0df00 sp=0x0000000025f8e240
Event: 1.262 Thread 0x0000000025006af0 DEOPT UNPACKING pc=0x0000000009f5d72e sp=0x0000000025f8e098 mode 2
Event: 1.305 Thread 0x00000000003188d0 Uncommon trap: trap_request=0xffffff54 fr.pc=0x0000000011a0c900 relative=0x0000000000000060
Event: 1.305 Thread 0x00000000003188d0 Uncommon trap: reason=speculate_null_assert action=make_not_entrant pc=0x0000000011a0c900 method=sun.misc.Unsafe.putLong(Ljava/lang/Object;JJ)V @ 7 c2
Event: 1.305 Thread 0x00000000003188d0 DEOPT PACKING pc=0x0000000011a0c900 sp=0x000000000235eb90
Event: 1.305 Thread 0x00000000003188d0 DEOPT UNPACKING pc=0x0000000009f5d72e sp=0x000000000235eb08 mode 2
Event: 1.390 Thread 0x00000000003188d0 Uncommon trap: trap_request=0xffffff5c fr.pc=0x0000000011a0cbf8 relative=0x0000000000000058
Event: 1.390 Thread 0x00000000003188d0 Uncommon trap: reason=speculate_null_check action=make_not_entrant pc=0x0000000011a0cbf8 method=sun.misc.Unsafe.getLong(Ljava/lang/Object;J)J @ 5 c2
Event: 1.390 Thread 0x00000000003188d0 DEOPT PACKING pc=0x0000000011a0cbf8 sp=0x000000000235ece0
Event: 1.390 Thread 0x00000000003188d0 DEOPT UNPACKING pc=0x0000000009f5d72e sp=0x000000000235ec58 mode 2

Classes unloaded (0 events):
No events

Classes redefined (0 events):
No events

Internal exceptions (16 events):
Event: 0.157 Thread 0x0000000026a63ab0 Exception <a 'java/lang/NoSuchMethodError'{0x000000071f609038}: 'java.lang.Object java.lang.invoke.DirectMethodHandle$Holder.invokeStatic(java.lang.Object)'> (0x000000071f609038) 
thrown [t:\workspace\open\src\hotspot\share\interpreter\linkResolver.cpp, line 790]
Event: 0.160 Thread 0x0000000026a63ab0 Exception <a 'java/lang/NoSuchMethodError'{0x000000071f60c948}: 'java.lang.Object java.lang.invoke.DirectMethodHandle$Holder.invokeStaticInit(java.lang.Object)'> (0x000000071f60c948) 
thrown [t:\workspace\open\src\hotspot\share\interpreter\linkResolver.cpp, line 790]
Event: 0.173 Thread 0x0000000026a63ab0 Exception <a 'java/lang/NoSuchMethodError'{0x000000071f61a630}: 'void java.lang.invoke.DirectMethodHandle$Holder.invokeStatic(java.lang.Object, java.lang.Object)'> (0x000000071f61a630) 
thrown [t:\workspace\open\src\hotspot\share\interpreter\linkResolver.cpp, line 790]
Event: 0.297 Thread 0x00000000003188d0 Exception <a 'java/lang/NoSuchMethodError'{0x000000071f4cf200}: 'void java.lang.invoke.DirectMethodHandle$Holder.invokeSpecial(java.lang.Object, java.lang.Object, java.lang.Object)'> (0x000000071f4cf200) 
thrown [t:\workspace\open\src\hotspot\share\interpreter\linkResolver.cpp, line 790]
Event: 0.301 Thread 0x00000000003188d0 Exception <a 'java/lang/NoSuchMethodError'{0x000000071f4e35b0}: 'java.lang.Object java.lang.invoke.DirectMethodHandle$Holder.invokeStatic(java.lang.Object, java.lang.Object, int)'> (0x000000071f4e35b0) 
thrown [t:\workspace\open\src\hotspot\share\interpreter\linkResolver.cpp, line 790]
Event: 0.303 Thread 0x00000000003188d0 Exception <a 'java/lang/NoSuchMethodError'{0x000000071f4ef6d8}: 'void java.lang.invoke.DelegatingMethodHandle$Holder.delegate(java.lang.Object, java.lang.Object, int, java.lang.Object)'> (0x000000071f4ef6d8) 
thrown [t:\workspace\open\src\hotspot\share\interpreter\linkResolver.cpp, line 790]
Event: 0.303 Thread 0x00000000003188d0 Exception <a 'java/lang/NoSuchMethodError'{0x000000071f4f3828}: 'int java.lang.invoke.DirectMethodHandle$Holder.invokeSpecial(java.lang.Object, java.lang.Object, java.lang.Object)'> (0x000000071f4f3828) 
thrown [t:\workspace\open\src\hotspot\share\interpreter\linkResolver.cpp, line 790]
Event: 0.348 Thread 0x00000000003188d0 Exception <a 'sun/nio/fs/WindowsException'{0x000000071f552bf0}> (0x000000071f552bf0) 
thrown [t:\workspace\open\src\hotspot\share\prims\jni.cpp, line 579]
Event: 0.349 Thread 0x00000000003188d0 Exception <a 'sun/nio/fs/WindowsException'{0x000000071f553160}> (0x000000071f553160) 
thrown [t:\workspace\open\src\hotspot\share\prims\jni.cpp, line 579]
Event: 0.394 Thread 0x00000000003188d0 Exception <a 'sun/nio/fs/WindowsException'{0x000000071f23a208}> (0x000000071f23a208) 
thrown [t:\workspace\open\src\hotspot\share\prims\jni.cpp, line 579]
Event: 0.394 Thread 0x00000000003188d0 Exception <a 'sun/nio/fs/WindowsException'{0x000000071f23a590}> (0x000000071f23a590) 
thrown [t:\workspace\open\src\hotspot\share\prims\jni.cpp, line 579]
Event: 0.924 Thread 0x00000000003188d0 Exception <a 'sun/nio/fs/WindowsException'{0x000000071f2b44f8}> (0x000000071f2b44f8) 
thrown [t:\workspace\open\src\hotspot\share\prims\jni.cpp, line 579]
Event: 0.924 Thread 0x00000000003188d0 Exception <a 'sun/nio/fs/WindowsException'{0x000000071f2b48b8}> (0x000000071f2b48b8) 
thrown [t:\workspace\open\src\hotspot\share\prims\jni.cpp, line 579]
Event: 0.928 Thread 0x00000000003188d0 Exception <a 'sun/nio/fs/WindowsException'{0x000000071f2be8a0}> (0x000000071f2be8a0) 
thrown [t:\workspace\open\src\hotspot\share\prims\jni.cpp, line 579]
Event: 0.928 Thread 0x00000000003188d0 Exception <a 'sun/nio/fs/WindowsException'{0x000000071f2beba0}> (0x000000071f2beba0) 
thrown [t:\workspace\open\src\hotspot\share\prims\jni.cpp, line 579]
Event: 1.330 Thread 0x00000000003188d0 Exception <a 'sun/nio/fs/WindowsException'{0x000000071f6731f0}> (0x000000071f6731f0) 
thrown [t:\workspace\open\src\hotspot\share\prims\jni.cpp, line 579]

Events (20 events):
Event: 1.260 loading class sun/util/resources/cldr/TimeZoneNames_en_US done
Event: 1.262 loading class java/util/LinkedHashMap$LinkedKeySet
Event: 1.262 loading class java/util/LinkedHashMap$LinkedKeySet done
Event: 1.262 loading class sun/util/resources/TimeZoneNames
Event: 1.263 loading class sun/util/resources/TimeZoneNames done
Event: 1.263 loading class sun/util/resources/TimeZoneNames_en
Event: 1.263 loading class sun/util/resources/TimeZoneNames_en done
Event: 1.305 loading class jdk/internal/reflect/UnsafeQualifiedLongFieldAccessorImpl
Event: 1.305 loading class jdk/internal/reflect/UnsafeQualifiedFieldAccessorImpl
Event: 1.305 loading class jdk/internal/reflect/UnsafeQualifiedFieldAccessorImpl done
Event: 1.305 loading class jdk/internal/reflect/UnsafeQualifiedLongFieldAccessorImpl done
Event: 1.325 loading class java/io/UncheckedIOException
Event: 1.325 loading class java/io/UncheckedIOException done
Event: 1.330 loading class java/nio/file/StandardCopyOption
Event: 1.330 loading class java/nio/file/StandardCopyOption done
Event: 1.364 loading class java/io/DeleteOnExitHook
Event: 1.364 loading class java/io/DeleteOnExitHook done
Event: 1.364 loading class java/io/DeleteOnExitHook$1
Event: 1.364 loading class java/io/DeleteOnExitHook$1 done
Event: 1.373 Loaded shared library C:\Users\tryhard\AppData\Local\Temp\imgui-java-natives_1626296759714\imgui-java64.dll


Dynamic libraries:
0x000000013fdb0000 - 0x000000013fdbe000 	C:\Users\tryhard\.jdks\openjdk-16.0.1\bin\java.exe
0x0000000076dd0000 - 0x0000000076f6f000 	C:\Windows\SYSTEM32\ntdll.dll
0x0000000076bb0000 - 0x0000000076ccf000 	C:\Windows\system32\kernel32.dll
0x000007fefcbb0000 - 0x000007fefcc17000 	C:\Windows\system32\KERNELBASE.dll
0x000007fef4130000 - 0x000007fef4148000 	C:\Users\tryhard\.jdks\openjdk-16.0.1\bin\jli.dll
0x000007fefb4e0000 - 0x000007fefb6d5000 	C:\Windows\WinSxS\amd64_microsoft.windows.common-controls_6595b64144ccf1df_6.0.7601.24483_none_e372d88f30fbb845\COMCTL32.dll
0x000007fefd010000 - 0x000007fefd0af000 	C:\Windows\system32\msvcrt.dll
0x000007fefee20000 - 0x000007fefee87000 	C:\Windows\system32\GDI32.dll
0x0000000076cd0000 - 0x0000000076dcb000 	C:\Windows\system32\USER32.dll
0x000007fefd000000 - 0x000007fefd00e000 	C:\Windows\system32\LPK.dll
0x000007fefcf30000 - 0x000007fefcffb000 	C:\Windows\system32\USP10.dll
0x000007fefecc0000 - 0x000007fefed31000 	C:\Windows\system32\SHLWAPI.dll
0x000007fef4230000 - 0x000007fef4249000 	C:\Users\tryhard\.jdks\openjdk-16.0.1\bin\VCRUNTIME140.dll
0x000007fefb310000 - 0x000007fefb314000 	C:\Users\tryhard\.jdks\openjdk-16.0.1\bin\api-ms-win-crt-runtime-l1-1-0.dll
0x000007fee06a0000 - 0x000007fee079a000 	C:\Users\tryhard\.jdks\openjdk-16.0.1\bin\ucrtbase.DLL
0x000007fef7490000 - 0x000007fef7493000 	C:\Users\tryhard\.jdks\openjdk-16.0.1\bin\api-ms-win-core-localization-l1-2-0.dll
0x000007fef3f90000 - 0x000007fef3f93000 	C:\Users\tryhard\.jdks\openjdk-16.0.1\bin\api-ms-win-core-processthreads-l1-1-1.dll
0x000007fef4160000 - 0x000007fef4163000 	C:\Users\tryhard\.jdks\openjdk-16.0.1\bin\api-ms-win-core-file-l1-2-0.dll
0x000007fef3f80000 - 0x000007fef3f83000 	C:\Users\tryhard\.jdks\openjdk-16.0.1\bin\api-ms-win-core-timezone-l1-1-0.dll
0x000007fef3f70000 - 0x000007fef3f73000 	C:\Users\tryhard\.jdks\openjdk-16.0.1\bin\api-ms-win-core-file-l2-1-0.dll
0x000007fef3f40000 - 0x000007fef3f43000 	C:\Users\tryhard\.jdks\openjdk-16.0.1\bin\api-ms-win-core-synch-l1-2-0.dll
0x000007fef3f50000 - 0x000007fef3f53000 	C:\Users\tryhard\.jdks\openjdk-16.0.1\bin\api-ms-win-crt-heap-l1-1-0.dll
0x000007fef2c30000 - 0x000007fef2c34000 	C:\Users\tryhard\.jdks\openjdk-16.0.1\bin\api-ms-win-crt-string-l1-1-0.dll
0x000007fef3f30000 - 0x000007fef3f34000 	C:\Users\tryhard\.jdks\openjdk-16.0.1\bin\api-ms-win-crt-stdio-l1-1-0.dll
0x000007fef29f0000 - 0x000007fef29f4000 	C:\Users\tryhard\.jdks\openjdk-16.0.1\bin\api-ms-win-crt-convert-l1-1-0.dll
0x000007fef2a00000 - 0x000007fef2a03000 	C:\Users\tryhard\.jdks\openjdk-16.0.1\bin\api-ms-win-crt-environment-l1-1-0.dll
0x000007fef29d0000 - 0x000007fef29d3000 	C:\Users\tryhard\.jdks\openjdk-16.0.1\bin\api-ms-win-crt-filesystem-l1-1-0.dll
0x000007fef29e0000 - 0x000007fef29e5000 	C:\Users\tryhard\.jdks\openjdk-16.0.1\bin\api-ms-win-crt-math-l1-1-0.dll
0x000007fef29b0000 - 0x000007fef29b3000 	C:\Users\tryhard\.jdks\openjdk-16.0.1\bin\api-ms-win-crt-locale-l1-1-0.dll
0x000007feff090000 - 0x000007feff0be000 	C:\Windows\system32\IMM32.DLL
0x000007fefeb40000 - 0x000007fefec4b000 	C:\Windows\system32\MSCTF.dll
0x000007fef29c0000 - 0x000007fef29cc000 	C:\Users\tryhard\.jdks\openjdk-16.0.1\bin\vcruntime140_1.dll
0x000007fee1210000 - 0x000007fee12a1000 	C:\Users\tryhard\.jdks\openjdk-16.0.1\bin\msvcp140.dll
0x000007fef2990000 - 0x000007fef2993000 	C:\Users\tryhard\.jdks\openjdk-16.0.1\bin\api-ms-win-crt-time-l1-1-0.dll
0x000007fef29a0000 - 0x000007fef29a3000 	C:\Users\tryhard\.jdks\openjdk-16.0.1\bin\api-ms-win-crt-utility-l1-1-0.dll
0x000007fedca40000 - 0x000007fedd5eb000 	C:\Users\tryhard\.jdks\openjdk-16.0.1\bin\server\jvm.dll
0x000007fefed40000 - 0x000007fefee1b000 	C:\Windows\system32\ADVAPI32.dll
0x000007fefd0b0000 - 0x000007fefd0cf000 	C:\Windows\SYSTEM32\sechost.dll
0x000007fefe780000 - 0x000007fefe8ac000 	C:\Windows\system32\RPCRT4.dll
0x000007fef3810000 - 0x000007fef3819000 	C:\Windows\system32\WSOCK32.dll
0x000007fefec70000 - 0x000007fefecbd000 	C:\Windows\system32\WS2_32.dll
0x000007fefe8b0000 - 0x000007fefe8b8000 	C:\Windows\system32\NSI.dll
0x000007fef9ed0000 - 0x000007fef9f0b000 	C:\Windows\system32\WINMM.dll
0x000007fefbb80000 - 0x000007fefbb8c000 	C:\Windows\system32\VERSION.dll
0x0000000076f70000 - 0x0000000076f77000 	C:\Windows\system32\PSAPI.DLL
0x000007fef2510000 - 0x000007fef251a000 	C:\Users\tryhard\.jdks\openjdk-16.0.1\bin\jimage.dll
0x000007fef49d0000 - 0x000007fef4af5000 	C:\Windows\system32\DBGHELP.DLL
0x000007fef2530000 - 0x000007fef253e000 	C:\Users\tryhard\.jdks\openjdk-16.0.1\bin\instrument.dll
0x000007fef24e0000 - 0x000007fef2505000 	C:\Users\tryhard\.jdks\openjdk-16.0.1\bin\java.dll
0x000007fefd9f0000 - 0x000007fefe77b000 	C:\Windows\system32\SHELL32.dll
0x000007fefee90000 - 0x000007feff08f000 	C:\Windows\system32\ole32.dll
0x000007fefcb70000 - 0x000007fefcb7f000 	C:\Windows\system32\profapi.dll
0x000007fef1d40000 - 0x000007fef1d58000 	C:\Users\tryhard\.jdks\openjdk-16.0.1\bin\zip.dll
0x000007fef24c0000 - 0x000007fef24d9000 	C:\Users\tryhard\.jdks\openjdk-16.0.1\bin\net.dll
0x000007fef7410000 - 0x000007fef7481000 	C:\Windows\system32\WINHTTP.dll
0x000007fef73a0000 - 0x000007fef7405000 	C:\Windows\system32\webio.dll
0x000007fefc2e0000 - 0x000007fefc335000 	C:\Windows\system32\mswsock.dll
0x000007fefc2d0000 - 0x000007fefc2d7000 	C:\Windows\System32\wship6.dll
0x000007fef24a0000 - 0x000007fef24b3000 	C:\Users\tryhard\.jdks\openjdk-16.0.1\bin\nio.dll
0x000007fee28c0000 - 0x000007fee28da000 	C:\Program Files\JetBrains\IntelliJ IDEA Community Edition 2021.1\bin\breakgen64.dll
0x000007fee1d40000 - 0x000007fee1da4000 	C:\Users\tryhard\AppData\Local\Temp\lwjgltryhard\3.2.3-SNAPSHOT\lwjgl.dll
0x000007fee0630000 - 0x000007fee0692000 	C:\Users\tryhard\AppData\Local\Temp\lwjgltryhard\3.2.3-SNAPSHOT\glfw.dll
0x000007fefb160000 - 0x000007fefb1b6000 	C:\Windows\system32\uxtheme.dll
0x000007fee2260000 - 0x000007fee229c000 	C:\Windows\system32\dinput8.dll
0x0000000000400000 - 0x000000000041e000 	C:\Windows\system32\xinput1_3.dll
0x000007fefe960000 - 0x000007fefeb37000 	C:\Windows\system32\SETUPAPI.dll
0x000007fefcca0000 - 0x000007fefccd6000 	C:\Windows\system32\CFGMGR32.dll
0x000007fefd910000 - 0x000007fefd9eb000 	C:\Windows\system32\OLEAUT32.dll
0x000007fefcf10000 - 0x000007fefcf2a000 	C:\Windows\system32\DEVOBJ.dll
0x000007fefad30000 - 0x000007fefad48000 	C:\Windows\system32\dwmapi.dll
0x000007fefada0000 - 0x000007fefadab000 	C:\Windows\system32\HID.DLL
0x000007fefcc50000 - 0x000007fefcc8b000 	C:\Windows\system32\WINTRUST.dll
0x000007fefccf0000 - 0x000007fefce5d000 	C:\Windows\system32\CRYPT32.dll
0x000007fefcb80000 - 0x000007fefcb8f000 	C:\Windows\system32\MSASN1.dll
0x000007fedf090000 - 0x000007fedf1ad000 	C:\Windows\system32\opengl32.dll
0x000007fef2830000 - 0x000007fef285d000 	C:\Windows\system32\GLU32.dll
0x000007fedef90000 - 0x000007fedf081000 	C:\Windows\system32\DDRAW.dll
0x000007fef3eb0000 - 0x000007fef3eb8000 	C:\Windows\system32\DCIMAN32.dll
0x00000000686f0000 - 0x000000006a920000 	C:\Windows\system32\nvoglv64.DLL
0x000007fefbd70000 - 0x000007fefbd81000 	C:\Windows\system32\WTSAPI32.dll
0x000007fefba90000 - 0x000007fefbabd000 	C:\Windows\system32\ntmarta.dll
0x000007fefd810000 - 0x000007fefd862000 	C:\Windows\system32\WLDAP32.dll
0x000007fefbf00000 - 0x000007fefbf3d000 	C:\Windows\system32\WINSTA.dll
0x000007fefca10000 - 0x000007fefca1f000 	C:\Windows\system32\CRYPTBASE.dll
0x000007fee1bc0000 - 0x000007fee1c19000 	C:\Users\tryhard\AppData\Local\Temp\lwjgltryhard\3.2.3-SNAPSHOT\lwjgl_opengl.dll
0x0000000064a00000 - 0x0000000064cf2000 	C:\Users\tryhard\AppData\Local\Temp\imgui-java-natives_1626296759714\imgui-java64.dll

dbghelp: loaded successfully - version: 4.0.5 - missing functions: none
symbol engine: initialized successfully - sym options: 0x614 - pdb path: .;C:\Users\tryhard\.jdks\openjdk-16.0.1\bin;C:\Windows\SYSTEM32;C:\Windows\WinSxS\amd64_microsoft.windows.common-controls_6595b64144ccf1df_6.0.7601.24483_none_e372d88f30fbb845;C:\Users\tryhard\.jdks\openjdk-16.0.1\bin\server;C:\Program Files\JetBrains\IntelliJ IDEA Community Edition 2021.1\bin;C:\Users\tryhard\AppData\Local\Temp\lwjgltryhard\3.2.3-SNAPSHOT;C:\Users\tryhard\AppData\Local\Temp\imgui-java-natives_1626296759714

VM Arguments:
jvm_args: -javaagent:C:\Program Files\JetBrains\IntelliJ IDEA Community Edition 2021.1\lib\idea_rt.jar=61347:C:\Program Files\JetBrains\IntelliJ IDEA Community Edition 2021.1\bin -Dfile.encoding=UTF-8 
java_command: cornelio.main
java_class_path (initial): C:\Users\tryhard\IdeaProjects\LearningSystem\imgui-app-1.83.0.jar;C:\Users\tryhard\IdeaProjects\LearningSystem\gson-2.8.7.jar;C:\Users\tryhard\IdeaProjects\LearningSystem\out\production\LearningSystem
Launcher Type: SUN_STANDARD

[Global flags]
     intx CICompilerCount                          = 3                                         {product} {ergonomic}
     uint ConcGCThreads                            = 1                                         {product} {ergonomic}
     uint G1ConcRefinementThreads                  = 4                                         {product} {ergonomic}
   size_t G1HeapRegionSize                         = 2097152                                   {product} {ergonomic}
    uintx GCDrainStackTargetSize                   = 64                                        {product} {ergonomic}
   size_t InitialHeapSize                          = 251658240                                 {product} {ergonomic}
   size_t MarkStackSize                            = 4194304                                   {product} {ergonomic}
   size_t MaxHeapSize                              = 4016046080                                {product} {ergonomic}
   size_t MaxNewSize                               = 2409627648                                {product} {ergonomic}
   size_t MinHeapDeltaBytes                        = 2097152                                   {product} {ergonomic}
   size_t MinHeapSize                              = 8388608                                   {product} {ergonomic}
    uintx NonNMethodCodeHeapSize                   = 5832780                                {pd product} {ergonomic}
    uintx NonProfiledCodeHeapSize                  = 122912730                              {pd product} {ergonomic}
    uintx ProfiledCodeHeapSize                     = 122912730                              {pd product} {ergonomic}
    uintx ReservedCodeCacheSize                    = 251658240                              {pd product} {ergonomic}
     bool SegmentedCodeCache                       = true                                      {product} {ergonomic}
   size_t SoftMaxHeapSize                          = 4016046080                             {manageable} {ergonomic}
     bool UseCompressedClassPointers               = true                           {product lp64_product} {ergonomic}
     bool UseCompressedOops                        = true                           {product lp64_product} {ergonomic}
     bool UseG1GC                                  = true                                      {product} {ergonomic}
     bool UseLargePagesIndividualAllocation        = false                                  {pd product} {ergonomic}

Logging:
Log output configuration:
 #0: stdout all=warning uptime,level,tags
 #1: stderr all=off uptime,level,tags

Environment Variables:
PATH=C:\Program Files\NVIDIA GPU Computing Toolkit\CUDA\v11.0\bin;C:\Program Files\NVIDIA GPU Computing Toolkit\CUDA\v11.0\libnvvp;C:\Program Files (x86)\Common Files\Oracle\Java\javapath;C:\Windows\system32;C:\Windows;C:\Windows\System32\Wbem;C:\Windows\System32\WindowsPowerShell\v1.0\;C:\Program Files\PuTTY\;C:\Program Files\nodejs\;C:\Program Files\NVIDIA Corporation\Nsight Compute 2020.1.1\;C:\Program Files (x86)\NVIDIA Corporation\PhysX\Common;C:\aria2;C:\Users\tryhard\AppData\Local\Programs\Python\Python38\Scripts;C:\Program Files\Microsoft SQL Server\Client SDK\ODBC\110\Tools\Binn\;C:\Program Files (x86)\Microsoft SQL Server\120\Tools\Binn\;C:\Program Files\Microsoft SQL Server\120\Tools\Binn\;C:\Program Files\Microsoft SQL Server\120\DTS\Binn\;C:\Program Files (x86)\Windows Kits\8.1\Windows Performance Toolkit\;C:\Program Files\Git\cmd;;C:\Users\tryhard\AppData\Local\Programs\Microsoft VS Code\bin;C:\Users\tryhard\AppData\Roaming\npm
USERNAME=tryhard
OS=Windows_NT
PROCESSOR_IDENTIFIER=AMD64 Family 21 Model 48 Stepping 1, AuthenticAMD



---------------  S Y S T E M  ---------------

OS:
 Windows 7 , 64 bit Build 7601 (6.1.7601.24545)
OS uptime: 43 days 2:33 hours

CPU: total 4 (initial active 4) (4 cores per cpu, 1 threads per core) family 21 model 48 stepping 1 microcode 0x0, cx8, cmov, fxsr, mmx, 3dnowpref, sse, sse2, sse3, ssse3, sse4a, sse4.1, sse4.2, popcnt, lzcnt, tsc, tscinvbit, avx, aes, clmul, bmi1, fma, vzeroupper, clflush

Memory: 4k page, system-wide physical 15319M (5714M free)
TotalPageFile size 30638M (AvailPageFile size 13979M)
current process WorkingSet (physical memory assigned to process): 88M, peak: 88M
current process commit charge ("private bytes"): 373M, peak: 373M

vm_info: OpenJDK 64-Bit Server VM (16.0.1+9-24) for windows-amd64 JRE (16.0.1+9-24), built on Mar 26 2021 19:30:07 by "mach5one" with MS VC++ 16.7 (VS2019)

END.
